<?xml version="1.0" encoding="UTF-8"?>
<!-- Generated by org.testng.reporters.JUnitXMLReporter -->
<testsuite hostname="DESKTOP-L1DOOE7" ignored="0" name="Amazon Functional Testing" tests="2" failures="2" timestamp="2021-08-23T15:25:11 IST" time="23.076" errors="0">
  <testcase name="SearchItem" time="6.118" classname="com.qa.testscript.TC_AmazonSearch_001">
    <failure type="java.lang.AssertionError" message="expected [true] but found [false]">
      <![CDATA[java.lang.AssertionError: expected [true] but found [false]
at com.qa.testscript.TC_AmazonSearch_001.SearchItem(TC_AmazonSearch_001.java:46)
at java.util.ArrayList.forEach(ArrayList.java:1259)
... Removed 31 stack frames]]>
    </failure>
  </testcase> <!-- SearchItem -->
  <testcase name="SearchItem" time="11.161" classname="com.qa.testscript.TC_AmazonSearch_001">
    <failure type="java.nio.file.InvalidPathException" message="Illegal char &amp;lt;:&amp;gt; at index 66: C:/Users/HP/Desktop/Selenium_java/MavenProject1.Selenium/Reports/C:\Users\HP\Desktop\Selenium_java\MavenProject1.Selenium\Reports/extent-media.0/SearchItem.png">
      <![CDATA[java.nio.file.InvalidPathException: Illegal char <:> at index 66: C:/Users/HP/Desktop/Selenium_java/MavenProject1.Selenium/Reports/C:\Users\HP\Desktop\Selenium_java\MavenProject1.Selenium\Reports/extent-media.0/SearchItem.png
at sun.nio.fs.WindowsPathParser.normalize(WindowsPathParser.java:182)
at sun.nio.fs.WindowsPathParser.parse(WindowsPathParser.java:153)
at sun.nio.fs.WindowsPathParser.parse(WindowsPathParser.java:77)
at sun.nio.fs.WindowsPath.parse(WindowsPath.java:94)
at sun.nio.fs.WindowsFileSystem.getPath(WindowsFileSystem.java:255)
at java.nio.file.Paths.get(Paths.java:84)
at com.aventstack.extentreports.mediastorage.LocalMediaStorageHandler.storeMediaFileLocal(LocalMediaStorageHandler.java:77)
at com.aventstack.extentreports.mediastorage.LocalMediaStorageHandler.storeMedia(LocalMediaStorageHandler.java:29)
at com.aventstack.extentreports.reporter.BasicFileReporter.autoCreateRelativePathMedia(BasicFileReporter.java:260)
at com.aventstack.extentreports.reporter.BasicFileReporter.onScreenCaptureAdded(BasicFileReporter.java:237)
at com.aventstack.extentreports.ExtentObservable.addScreenCapture(ExtentObservable.java:360)
at com.aventstack.extentreports.ExtentTest.addScreenCaptureFromPath(ExtentTest.java:1125)
at com.aventstack.extentreports.ExtentTest.addScreenCaptureFromPath(ExtentTest.java:1141)
at com.qa.utility.Reporting.onTestFailure(Reporting.java:75)
at java.util.ArrayList.forEach(ArrayList.java:1259)
... Removed 24 stack frames]]>
    </failure>
  </testcase> <!-- SearchItem -->
</testsuite> <!-- Amazon Functional Testing -->
