<?xml version="1.0" encoding="UTF-8"?>
<!-- Generated by org.testng.reporters.JUnitXMLReporter -->
<testsuite hostname="DESKTOP-L1DOOE7" ignored="0" name="Default test" tests="3" failures="0" timestamp="2021-08-11T16:03:59 IST" time="44.222" errors="0">
  <testcase name="screenshotofElement" time="1.533" classname="com.qa.test.DemoTakeScreenshot"/>
  <testcase name="screenshotOfDriver" time="0.506" classname="com.qa.test.DemoTakeScreenshot"/>
  <testcase name="screenshotOfFullPage" time="23.855" classname="com.qa.test.DemoTakeScreenshot"/>
</testsuite> <!-- Default test -->
