<?xml version="1.0" encoding="UTF-8"?>
<testng-results skipped="0" failed="0" ignored="0" total="5" passed="5">
  <reporter-output>
    <line>
      <![CDATA[item is searched]]>
    </line>
    <line>
      <![CDATA[AgniBaan: Guardians of the Fire Chamber]]>
    </line>
    <line>
      <![CDATA[The Da Vinci Code: (Robert Langdon Book 2)]]>
    </line>
    <line>
      <![CDATA[The Da Vinci Code (Abridged Edition)]]>
    </line>
    <line>
      <![CDATA[Angels and Demons + The Da Vinci Code]]>
    </line>
    <line>
      <![CDATA[DA VINCI CODE]]>
    </line>
    <line>
      <![CDATA[The Da Vinci Code: A Novel: 2 (Robert Langdon)]]>
    </line>
    <line>
      <![CDATA[The Da Vinci Code]]>
    </line>
    <line>
      <![CDATA[Davinci Code]]>
    </line>
    <line>
      <![CDATA[The Davinci Code]]>
    </line>
    <line>
      <![CDATA[The Complete Novels of Sherlock Holmes]]>
    </line>
    <line>
      <![CDATA[Original Sherlock Holmes Books Set Of 4 By Sir Arthur Conan Doyle, The Adventures Of Sherlock Holmes Book, The Case Book Of Sherlock Holmes, Sherlock Holmes His Last Bow, The Return Of Sherlock Holmes]]>
    </line>
    <line>
      <![CDATA[THE DA VINCI CODE : A QUEST FOR ANSWERS (HINDI)]]>
    </line>
    <line>
      <![CDATA[The Code Breaker]]>
    </line>
    <line>
      <![CDATA[Cracking the Da Vinci Code: The Unauthorized Guide to the Facts Behind the Fiction]]>
    </line>
    <line>
      <![CDATA[Inferno: (Robert Langdon Book 4)]]>
    </line>
    <line>
      <![CDATA[World’s Greatest Classics (Box Set of 4 Books)]]>
    </line>
    <line>
      <![CDATA[Angels and Demons: (Robert Langdon Book 1)]]>
    </line>
    <line>
      <![CDATA[To Kill A Mockingbird: 50th Anniversary Edition: 60th Anniversary Edition]]>
    </line>
    <line>
      <![CDATA[The Silent Patient: The record-breaking, multimillion copy Sunday Times bestselling thriller and Richard & Judy book club pick]]>
    </line>
    <line>
      <![CDATA[World’s Greatest Classics (Box Set of 4 Books)]]>
    </line>
    <line>
      <![CDATA[Most Influential Classics of All Time (Box Set of 4 Books)]]>
    </line>
    <line>
      <![CDATA[Panchatantra Ki 101 Kahaniyan: Collection Of Witty Moral Stories For Kids For Personality Development In Hindi]]>
    </line>
    <line>
      <![CDATA[item is searched]]>
    </line>
    <line>
      <![CDATA[Samsung Galaxy M31 (Ocean Blue, 6GB RAM, 128GB Storage)]]>
    </line>
    <line>
      <![CDATA[Redmi 9A (Nature Green, 2GB RAM, 32GB Storage) | 2GHz Octa-core Helio G25 Processor | 5000 mAh Battery]]>
    </line>
    <line>
      <![CDATA[realme C11 (2021) (Cool Blue, 2GB RAM, 32GB Storage) with No Cost EMI/Additional Exchange Offers]]>
    </line>
    <line>
      <![CDATA[Samsung Galaxy M31 (Space Black, 6GB RAM, 128GB Storage)]]>
    </line>
    <line>
      <![CDATA[realme C11 (2021) (Cool Grey, 2GB RAM, 32GB Storage) with No Cost EMI/Additional Exchange Offers]]>
    </line>
    <line>
      <![CDATA[Tecno Spark 7T(Jewel Blue, 4GB RAM, 64GB Storage) 6000 mAh Battery| 48 MP AI Dual Rear Camera]]>
    </line>
    <line>
      <![CDATA[Redmi 9 Power (Mighty Black, 6GB RAM, 128GB Storage) - 6000mAh Battery |FHD+ Screen| 48MP Quad Camera | Snapdragon 662 Processor | Alexa Hands-Free Capable]]>
    </line>
    <line>
      <![CDATA[Redmi 9A (Nature Green, 3GB Ram, 32GB Storage) | 2GHz Octa-core Helio G25 Processor]]>
    </line>
    <line>
      <![CDATA[Panasonic Eluga I8 (Black, 3GB RAM, 32GB Storage)]]>
    </line>
    <line>
      <![CDATA[Panasonic Eluga i7 (2GB RAM, 16GB Storage, Finger Print Sensor, 4000mAh Battery) (Black)]]>
    </line>
    <line>
      <![CDATA[Redmi 9A (Midnight Black 2GB RAM 32GB Storage) | 2GHz Octa-core Helio G25 Processor | 5000 mAh Battery]]>
    </line>
    <line>
      <![CDATA[itel A47 (Cosmic Purple, 2GB RAM, 32GB Storage, 5.5'' HD+ IPS Display), L5505]]>
    </line>
    <line>
      <![CDATA[itel A23 Pro Jio (Lake Blue, 1GB RAM, 8 GB Storage, 5'' Bright Display) (L5006C)]]>
    </line>
    <line>
      <![CDATA[realme narzo 30 (Racing Blue, 6GB RAM, 128GB Storage) with No Cost EMI/Additional Exchange Offers]]>
    </line>
    <line>
      <![CDATA[Maplin Ismart I1 Reeno (2 GB 16 GB) 5.0 inch Touchscreen Smartphone Mist Gold]]>
    </line>
    <line>
      <![CDATA[Vivo Y20A 2021 (Nebula Blue, 3GB RAM, 64GB Storage) with No Cost EMI/Additional Exchange Offers]]>
    </line>
    <line>
      <![CDATA[PHILIPS 1.8 inch Display, 32 MB Storage, 0.8 MP Camera, 1000 Phone Book Memory, VGA Video Recording, FM GSM Feature Phone (Black)]]>
    </line>
    <line>
      <![CDATA[Nokia 225 4G Dual SIM Feature Phone with Long Battery Life, Camera, Multiplayer Games, and Premium Finish – Black Colour]]>
    </line>
    <line>
      <![CDATA[Redmi Note 9 (Pebble Grey, 4GB RAM 64GB Storage) - 48MP Quad Camera & Full HD+ Display]]>
    </line>
    <line>
      <![CDATA[Redmi 9 (Sporty Orange, 4GB RAM, 64GB Storage) | 2.3GHz Mediatek Helio G35 Octa core Processor]]>
    </line>
    <line>
      <![CDATA[Samsung Guru 1200 (GT-E1200, Indigo Blue)]]>
    </line>
    <line>
      <![CDATA[Oppo A31 (Mystery Black, 6GB RAM, 128GB Storage) with No Cost EMI/Additional Exchange Offers]]>
    </line>
    <line>
      <![CDATA[Oppo A31 (Fantasy White, 6GB RAM, 128GB Storage) with No Cost EMI/Additional Exchange Offers]]>
    </line>
    <line>
      <![CDATA[Nokia 5310 Dual SIM Feature Phone with MP3 Player, Wireless FM Radio and Rear Camera (White/Red)]]>
    </line>
    <line>
      <![CDATA[Redmi 9 Power (Mighty Black 4GB RAM 64GB Storage) - 6000mAh Battery |FHD+ Screen | 48MP Quad Camera | Alexa Hands-Free Capable]]>
    </line>
    <line>
      <![CDATA[item is searched]]>
    </line>
    <line>
      <![CDATA[item is searched]]>
    </line>
    <line>
      <![CDATA[item is searched]]>
    </line>
    <line>
      <![CDATA[Amazon Basics 6 Place Setting Dishwasher, Silver]]>
    </line>
    <line>
      <![CDATA[Panasonic 6 Kg 5 Star Fully-Automatic Top Loading Washing Machine (NA-F60LF1HRB, Grey)]]>
    </line>
    <line>
      <![CDATA[Samsung 6.5 kg Fully-Automatic Top Loading Washing Machine (WA65A4002VS/TL, Imperial Silver, Diamond Drum)]]>
    </line>
    <line>
      <![CDATA[Whirlpool 7 Kg 5 Star Semi-Automatic Top Loading Washing Machine (SUPERB ATOM 7.0, Grey Dazzle, TurboScrub Technology)]]>
    </line>
    <line>
      <![CDATA[Samsung 6.0 Kg Inverter 5 Star Fully-Automatic Front Loading Washing Machine (WW60R20GLMA/TL, White, Hygiene Steam)]]>
    </line>
    <line>
      <![CDATA[Whirlpool 6.5 Kg 5 Star Fully-Automatic Top Loading Washing Machine with In-Built Heater (STAINWASH PRO H 6.5, Shiny Grey)]]>
    </line>
    <line>
      <![CDATA[Samsung 7.2 kg Semi-Automatic Top Loading Washing Machine (WT725QPNDMPXTL, White and Blue, Center Jet Pulsator)]]>
    </line>
    <line>
      <![CDATA[Whirlpool 7.5 Kg 5 Star Semi-Automatic Top Loading Washing Machine (ACE 7.5 SUPREME, Grey Dazzle)]]>
    </line>
    <line>
      <![CDATA[Whirlpool 7 Kg 5 Star Royal Plus Fully-Automatic Top Loading Washing Machine (WHITEMAGIC ROYAL PLUS 7.0, Grey, Hard Water Wash)]]>
    </line>
    <line>
      <![CDATA[Samsung 6.5 Kg 5 Star Inverter Fully-Automatic Top Loading Washing Machine (WA65T4262GG/TL, Light Grey, Wobble technology)]]>
    </line>
    <line>
      <![CDATA[Godrej 6 Kg 5 Star Fully-Automatic Top Loading Washing Machine (WTEON 600 AD 5.0 ROGR, Grey)]]>
    </line>
    <line>
      <![CDATA[LG 6.5 Kg 5 Star Smart Inverter Fully-Automatic Top Loading Washing Machine (T65SKSF4Z, Middle Free Silver)]]>
    </line>
    <line>
      <![CDATA[IFB 6 kg 5 Star Fully-Automatic Front Loading Washing Machine (Diva Aqua BX, White|Black matte, Aqua Energie,Crescent Moon Drum,Laundry Add,In-built heater )]]>
    </line>
    <line>
      <![CDATA[LG 6.5 Kg 4 Star Semi-Automatic Top Loading Washing Machine (P6510NBAY, Dark Blue, Rat Away Technology)]]>
    </line>
    <line>
      <![CDATA[Samsung 6.0 Kg 5 Star Semi-Automatic Top Loading Washing Machine (WT60R2000LL/TL, Light Grey, Center jet technology)]]>
    </line>
    <line>
      <![CDATA[Amazon Basics 6 Kg Fully Automatic Top Loading Washing Machine, Grey]]>
    </line>
    <line>
      <![CDATA[Samsung 7.0 Kg Fully-Automatic Top Loading Washing Machine (WA70T4560FM/TL,Magnolia Plum)]]>
    </line>
    <line>
      <![CDATA[IFB 7 Kg 5 Star Fully-Automatic Front Loading Washing Machine (Neo Diva BX, White, 3D Wash Technology,CradleWash,Aqua Energie,In-built heater)]]>
    </line>
    <line>
      <![CDATA[Whirlpool 7 Kg 5 Star Royal Fully-Automatic Top Loading Washing Machine (WHITEMAGIC ROYAL 7.0 GENX, Grey, Hard Water Wash)]]>
    </line>
    <line>
      <![CDATA[Intex 6.2 kg Semi-Automatic Top Loading Washing Machine (WMS62TL, White and Maroon)]]>
    </line>
    <line>
      <![CDATA[Onida 6.5 kg Washer Only (WS65WLPT1LR Liliput, Lava Red)]]>
    </line>
    <line>
      <![CDATA[Panasonic 6.5 kg 5 Star Semi-Automatic Top Loading Washing Machine (NA-W65E5ARB, Blue, Powerful Motor)]]>
    </line>
    <line>
      <![CDATA[LG 7 Kg 4 Star Semi-Automatic Top Loading Washing Machine (P7020NGAY, Dark Gray, Collar scrubber)]]>
    </line>
    <line>
      <![CDATA[Whirlpool 7.2 Kg Semi-Automatic Top Loading Washing Machine (ACE SUPREME PLUS 7.2, Coral Red, Ace Wash Station)]]>
    </line>
    <line>
      <![CDATA[Panasonic 7 Kg 5 Star Fully-Automatic Top Loading Washing Machine (NA-F70LF1HRB, Grey)]]>
    </line>
    <line>
      <![CDATA[Godrej 6.5 Kg 5 Star Fully-Automatic Top Loading Washing Machine (WTEON 650 AD 5.0 ROGR, Grey, Acu Wash Drum)]]>
    </line>
    <line>
      <![CDATA[AmazonBasics 6.5 kg Fully-Automatic Top Load Washing Machine (Grey/Black, Full Metal body, LED Display)]]>
    </line>
    <line>
      <![CDATA[LG 8.0 Kg 5 Star Inverter Fully-Automatic Front Loading Washing Machine (FHM1208ZDL, Luxury Silver, Direct Drive Technology)]]>
    </line>
    <line>
      <![CDATA[LG 6.5 Kg 5 Star Smart Inverter Fully-Automatic Top Loading Washing Machine (T65SNSF1Z, Middle Free Silver, TurboDrum)]]>
    </line>
    <line>
      <![CDATA[Samsung 6.5 Kg Fully-Automatic Top Loading Washing Machine (WA65A4022FS/TL, Imperial Silver, Wobble technology)]]>
    </line>
    <line>
      <![CDATA[Bosch Original Square Frame Pedestal for Washing Machine (Powder Coated Steel Stand - White)]]>
    </line>
  </reporter-output>
  <suite name="Test Automation Suite" duration-ms="47929" started-at="2021-08-16T15:12:01 IST" finished-at="2021-08-16T15:12:49 IST">
    <groups>
    </groups>
    <test name="Amazon Functional Testing" duration-ms="47929" started-at="2021-08-16T15:12:01 IST" finished-at="2021-08-16T15:12:49 IST">
      <class name="com.qa.testscript.TC_AmazonSearch_001">
        <test-method status="PASS" signature="setUp(java.lang.String)[pri:0, instance:com.qa.testscript.TC_AmazonSearch_001@3ecd23d9]" name="setUp" is-config="true" duration-ms="11859" started-at="2021-08-16T15:12:02 IST" finished-at="2021-08-16T15:12:13 IST">
          <params>
            <param index="0">
              <value>
                <![CDATA[https://www.amazon.in/]]>
              </value>
            </param>
          </params>
          <reporter-output>
          </reporter-output>
        </test-method> <!-- setUp -->
        <test-method status="PASS" signature="SearchItem(java.lang.String,java.lang.String)[pri:0, instance:com.qa.testscript.TC_AmazonSearch_001@3ecd23d9]" name="SearchItem" duration-ms="6523" started-at="2021-08-16T15:12:16 IST" data-provider="getData" finished-at="2021-08-16T15:12:22 IST">
          <params>
            <param index="0">
              <value>
                <![CDATA[Books]]>
              </value>
            </param>
            <param index="1">
              <value>
                <![CDATA[Da vinci code]]>
              </value>
            </param>
          </params>
          <reporter-output>
            <line>
              <![CDATA[item is searched]]>
            </line>
            <line>
              <![CDATA[AgniBaan: Guardians of the Fire Chamber]]>
            </line>
            <line>
              <![CDATA[The Da Vinci Code: (Robert Langdon Book 2)]]>
            </line>
            <line>
              <![CDATA[The Da Vinci Code (Abridged Edition)]]>
            </line>
            <line>
              <![CDATA[Angels and Demons + The Da Vinci Code]]>
            </line>
            <line>
              <![CDATA[DA VINCI CODE]]>
            </line>
            <line>
              <![CDATA[The Da Vinci Code: A Novel: 2 (Robert Langdon)]]>
            </line>
            <line>
              <![CDATA[The Da Vinci Code]]>
            </line>
            <line>
              <![CDATA[Davinci Code]]>
            </line>
            <line>
              <![CDATA[The Davinci Code]]>
            </line>
            <line>
              <![CDATA[The Complete Novels of Sherlock Holmes]]>
            </line>
            <line>
              <![CDATA[Original Sherlock Holmes Books Set Of 4 By Sir Arthur Conan Doyle, The Adventures Of Sherlock Holmes Book, The Case Book Of Sherlock Holmes, Sherlock Holmes His Last Bow, The Return Of Sherlock Holmes]]>
            </line>
            <line>
              <![CDATA[THE DA VINCI CODE : A QUEST FOR ANSWERS (HINDI)]]>
            </line>
            <line>
              <![CDATA[The Code Breaker]]>
            </line>
            <line>
              <![CDATA[Cracking the Da Vinci Code: The Unauthorized Guide to the Facts Behind the Fiction]]>
            </line>
            <line>
              <![CDATA[Inferno: (Robert Langdon Book 4)]]>
            </line>
            <line>
              <![CDATA[World’s Greatest Classics (Box Set of 4 Books)]]>
            </line>
            <line>
              <![CDATA[Angels and Demons: (Robert Langdon Book 1)]]>
            </line>
            <line>
              <![CDATA[To Kill A Mockingbird: 50th Anniversary Edition: 60th Anniversary Edition]]>
            </line>
            <line>
              <![CDATA[The Silent Patient: The record-breaking, multimillion copy Sunday Times bestselling thriller and Richard & Judy book club pick]]>
            </line>
            <line>
              <![CDATA[World’s Greatest Classics (Box Set of 4 Books)]]>
            </line>
            <line>
              <![CDATA[Most Influential Classics of All Time (Box Set of 4 Books)]]>
            </line>
            <line>
              <![CDATA[Panchatantra Ki 101 Kahaniyan: Collection Of Witty Moral Stories For Kids For Personality Development In Hindi]]>
            </line>
          </reporter-output>
        </test-method> <!-- SearchItem -->
        <test-method status="PASS" signature="SearchItem(java.lang.String,java.lang.String)[pri:0, instance:com.qa.testscript.TC_AmazonSearch_001@3ecd23d9]" name="SearchItem" duration-ms="6425" started-at="2021-08-16T15:12:22 IST" data-provider="getData" finished-at="2021-08-16T15:12:29 IST">
          <params>
            <param index="0">
              <value>
                <![CDATA[Electronics]]>
              </value>
            </param>
            <param index="1">
              <value>
                <![CDATA[Mobile]]>
              </value>
            </param>
          </params>
          <reporter-output>
            <line>
              <![CDATA[item is searched]]>
            </line>
            <line>
              <![CDATA[Samsung Galaxy M31 (Ocean Blue, 6GB RAM, 128GB Storage)]]>
            </line>
            <line>
              <![CDATA[Redmi 9A (Nature Green, 2GB RAM, 32GB Storage) | 2GHz Octa-core Helio G25 Processor | 5000 mAh Battery]]>
            </line>
            <line>
              <![CDATA[realme C11 (2021) (Cool Blue, 2GB RAM, 32GB Storage) with No Cost EMI/Additional Exchange Offers]]>
            </line>
            <line>
              <![CDATA[Samsung Galaxy M31 (Space Black, 6GB RAM, 128GB Storage)]]>
            </line>
            <line>
              <![CDATA[realme C11 (2021) (Cool Grey, 2GB RAM, 32GB Storage) with No Cost EMI/Additional Exchange Offers]]>
            </line>
            <line>
              <![CDATA[Tecno Spark 7T(Jewel Blue, 4GB RAM, 64GB Storage) 6000 mAh Battery| 48 MP AI Dual Rear Camera]]>
            </line>
            <line>
              <![CDATA[Redmi 9 Power (Mighty Black, 6GB RAM, 128GB Storage) - 6000mAh Battery |FHD+ Screen| 48MP Quad Camera | Snapdragon 662 Processor | Alexa Hands-Free Capable]]>
            </line>
            <line>
              <![CDATA[Redmi 9A (Nature Green, 3GB Ram, 32GB Storage) | 2GHz Octa-core Helio G25 Processor]]>
            </line>
            <line>
              <![CDATA[Panasonic Eluga I8 (Black, 3GB RAM, 32GB Storage)]]>
            </line>
            <line>
              <![CDATA[Panasonic Eluga i7 (2GB RAM, 16GB Storage, Finger Print Sensor, 4000mAh Battery) (Black)]]>
            </line>
            <line>
              <![CDATA[Redmi 9A (Midnight Black 2GB RAM 32GB Storage) | 2GHz Octa-core Helio G25 Processor | 5000 mAh Battery]]>
            </line>
            <line>
              <![CDATA[itel A47 (Cosmic Purple, 2GB RAM, 32GB Storage, 5.5'' HD+ IPS Display), L5505]]>
            </line>
            <line>
              <![CDATA[itel A23 Pro Jio (Lake Blue, 1GB RAM, 8 GB Storage, 5'' Bright Display) (L5006C)]]>
            </line>
            <line>
              <![CDATA[realme narzo 30 (Racing Blue, 6GB RAM, 128GB Storage) with No Cost EMI/Additional Exchange Offers]]>
            </line>
            <line>
              <![CDATA[Maplin Ismart I1 Reeno (2 GB 16 GB) 5.0 inch Touchscreen Smartphone Mist Gold]]>
            </line>
            <line>
              <![CDATA[Vivo Y20A 2021 (Nebula Blue, 3GB RAM, 64GB Storage) with No Cost EMI/Additional Exchange Offers]]>
            </line>
            <line>
              <![CDATA[PHILIPS 1.8 inch Display, 32 MB Storage, 0.8 MP Camera, 1000 Phone Book Memory, VGA Video Recording, FM GSM Feature Phone (Black)]]>
            </line>
            <line>
              <![CDATA[Nokia 225 4G Dual SIM Feature Phone with Long Battery Life, Camera, Multiplayer Games, and Premium Finish – Black Colour]]>
            </line>
            <line>
              <![CDATA[Redmi Note 9 (Pebble Grey, 4GB RAM 64GB Storage) - 48MP Quad Camera & Full HD+ Display]]>
            </line>
            <line>
              <![CDATA[Redmi 9 (Sporty Orange, 4GB RAM, 64GB Storage) | 2.3GHz Mediatek Helio G35 Octa core Processor]]>
            </line>
            <line>
              <![CDATA[Samsung Guru 1200 (GT-E1200, Indigo Blue)]]>
            </line>
            <line>
              <![CDATA[Oppo A31 (Mystery Black, 6GB RAM, 128GB Storage) with No Cost EMI/Additional Exchange Offers]]>
            </line>
            <line>
              <![CDATA[Oppo A31 (Fantasy White, 6GB RAM, 128GB Storage) with No Cost EMI/Additional Exchange Offers]]>
            </line>
            <line>
              <![CDATA[Nokia 5310 Dual SIM Feature Phone with MP3 Player, Wireless FM Radio and Rear Camera (White/Red)]]>
            </line>
            <line>
              <![CDATA[Redmi 9 Power (Mighty Black 4GB RAM 64GB Storage) - 6000mAh Battery |FHD+ Screen | 48MP Quad Camera | Alexa Hands-Free Capable]]>
            </line>
          </reporter-output>
        </test-method> <!-- SearchItem -->
        <test-method status="PASS" signature="SearchItem(java.lang.String,java.lang.String)[pri:0, instance:com.qa.testscript.TC_AmazonSearch_001@3ecd23d9]" name="SearchItem" duration-ms="5440" started-at="2021-08-16T15:12:29 IST" data-provider="getData" finished-at="2021-08-16T15:12:34 IST">
          <params>
            <param index="0">
              <value>
                <![CDATA[Furniture]]>
              </value>
            </param>
            <param index="1">
              <value>
                <![CDATA[Wooden Tables]]>
              </value>
            </param>
          </params>
          <reporter-output>
            <line>
              <![CDATA[item is searched]]>
            </line>
          </reporter-output>
        </test-method> <!-- SearchItem -->
        <test-method status="PASS" signature="SearchItem(java.lang.String,java.lang.String)[pri:0, instance:com.qa.testscript.TC_AmazonSearch_001@3ecd23d9]" name="SearchItem" duration-ms="7682" started-at="2021-08-16T15:12:34 IST" data-provider="getData" finished-at="2021-08-16T15:12:42 IST">
          <params>
            <param index="0">
              <value>
                <![CDATA[Baby]]>
              </value>
            </param>
            <param index="1">
              <value>
                <![CDATA[Bathing products]]>
              </value>
            </param>
          </params>
          <reporter-output>
            <line>
              <![CDATA[item is searched]]>
            </line>
          </reporter-output>
        </test-method> <!-- SearchItem -->
        <test-method status="PASS" signature="SearchItem(java.lang.String,java.lang.String)[pri:0, instance:com.qa.testscript.TC_AmazonSearch_001@3ecd23d9]" name="SearchItem" duration-ms="6927" started-at="2021-08-16T15:12:42 IST" data-provider="getData" finished-at="2021-08-16T15:12:49 IST">
          <params>
            <param index="0">
              <value>
                <![CDATA[Appliances]]>
              </value>
            </param>
            <param index="1">
              <value>
                <![CDATA[Washing machines]]>
              </value>
            </param>
          </params>
          <reporter-output>
            <line>
              <![CDATA[item is searched]]>
            </line>
            <line>
              <![CDATA[Amazon Basics 6 Place Setting Dishwasher, Silver]]>
            </line>
            <line>
              <![CDATA[Panasonic 6 Kg 5 Star Fully-Automatic Top Loading Washing Machine (NA-F60LF1HRB, Grey)]]>
            </line>
            <line>
              <![CDATA[Samsung 6.5 kg Fully-Automatic Top Loading Washing Machine (WA65A4002VS/TL, Imperial Silver, Diamond Drum)]]>
            </line>
            <line>
              <![CDATA[Whirlpool 7 Kg 5 Star Semi-Automatic Top Loading Washing Machine (SUPERB ATOM 7.0, Grey Dazzle, TurboScrub Technology)]]>
            </line>
            <line>
              <![CDATA[Samsung 6.0 Kg Inverter 5 Star Fully-Automatic Front Loading Washing Machine (WW60R20GLMA/TL, White, Hygiene Steam)]]>
            </line>
            <line>
              <![CDATA[Whirlpool 6.5 Kg 5 Star Fully-Automatic Top Loading Washing Machine with In-Built Heater (STAINWASH PRO H 6.5, Shiny Grey)]]>
            </line>
            <line>
              <![CDATA[Samsung 7.2 kg Semi-Automatic Top Loading Washing Machine (WT725QPNDMPXTL, White and Blue, Center Jet Pulsator)]]>
            </line>
            <line>
              <![CDATA[Whirlpool 7.5 Kg 5 Star Semi-Automatic Top Loading Washing Machine (ACE 7.5 SUPREME, Grey Dazzle)]]>
            </line>
            <line>
              <![CDATA[Whirlpool 7 Kg 5 Star Royal Plus Fully-Automatic Top Loading Washing Machine (WHITEMAGIC ROYAL PLUS 7.0, Grey, Hard Water Wash)]]>
            </line>
            <line>
              <![CDATA[Samsung 6.5 Kg 5 Star Inverter Fully-Automatic Top Loading Washing Machine (WA65T4262GG/TL, Light Grey, Wobble technology)]]>
            </line>
            <line>
              <![CDATA[Godrej 6 Kg 5 Star Fully-Automatic Top Loading Washing Machine (WTEON 600 AD 5.0 ROGR, Grey)]]>
            </line>
            <line>
              <![CDATA[LG 6.5 Kg 5 Star Smart Inverter Fully-Automatic Top Loading Washing Machine (T65SKSF4Z, Middle Free Silver)]]>
            </line>
            <line>
              <![CDATA[IFB 6 kg 5 Star Fully-Automatic Front Loading Washing Machine (Diva Aqua BX, White|Black matte, Aqua Energie,Crescent Moon Drum,Laundry Add,In-built heater )]]>
            </line>
            <line>
              <![CDATA[LG 6.5 Kg 4 Star Semi-Automatic Top Loading Washing Machine (P6510NBAY, Dark Blue, Rat Away Technology)]]>
            </line>
            <line>
              <![CDATA[Samsung 6.0 Kg 5 Star Semi-Automatic Top Loading Washing Machine (WT60R2000LL/TL, Light Grey, Center jet technology)]]>
            </line>
            <line>
              <![CDATA[Amazon Basics 6 Kg Fully Automatic Top Loading Washing Machine, Grey]]>
            </line>
            <line>
              <![CDATA[Samsung 7.0 Kg Fully-Automatic Top Loading Washing Machine (WA70T4560FM/TL,Magnolia Plum)]]>
            </line>
            <line>
              <![CDATA[IFB 7 Kg 5 Star Fully-Automatic Front Loading Washing Machine (Neo Diva BX, White, 3D Wash Technology,CradleWash,Aqua Energie,In-built heater)]]>
            </line>
            <line>
              <![CDATA[Whirlpool 7 Kg 5 Star Royal Fully-Automatic Top Loading Washing Machine (WHITEMAGIC ROYAL 7.0 GENX, Grey, Hard Water Wash)]]>
            </line>
            <line>
              <![CDATA[Intex 6.2 kg Semi-Automatic Top Loading Washing Machine (WMS62TL, White and Maroon)]]>
            </line>
            <line>
              <![CDATA[Onida 6.5 kg Washer Only (WS65WLPT1LR Liliput, Lava Red)]]>
            </line>
            <line>
              <![CDATA[Panasonic 6.5 kg 5 Star Semi-Automatic Top Loading Washing Machine (NA-W65E5ARB, Blue, Powerful Motor)]]>
            </line>
            <line>
              <![CDATA[LG 7 Kg 4 Star Semi-Automatic Top Loading Washing Machine (P7020NGAY, Dark Gray, Collar scrubber)]]>
            </line>
            <line>
              <![CDATA[Whirlpool 7.2 Kg Semi-Automatic Top Loading Washing Machine (ACE SUPREME PLUS 7.2, Coral Red, Ace Wash Station)]]>
            </line>
            <line>
              <![CDATA[Panasonic 7 Kg 5 Star Fully-Automatic Top Loading Washing Machine (NA-F70LF1HRB, Grey)]]>
            </line>
            <line>
              <![CDATA[Godrej 6.5 Kg 5 Star Fully-Automatic Top Loading Washing Machine (WTEON 650 AD 5.0 ROGR, Grey, Acu Wash Drum)]]>
            </line>
            <line>
              <![CDATA[AmazonBasics 6.5 kg Fully-Automatic Top Load Washing Machine (Grey/Black, Full Metal body, LED Display)]]>
            </line>
            <line>
              <![CDATA[LG 8.0 Kg 5 Star Inverter Fully-Automatic Front Loading Washing Machine (FHM1208ZDL, Luxury Silver, Direct Drive Technology)]]>
            </line>
            <line>
              <![CDATA[LG 6.5 Kg 5 Star Smart Inverter Fully-Automatic Top Loading Washing Machine (T65SNSF1Z, Middle Free Silver, TurboDrum)]]>
            </line>
            <line>
              <![CDATA[Samsung 6.5 Kg Fully-Automatic Top Loading Washing Machine (WA65A4022FS/TL, Imperial Silver, Wobble technology)]]>
            </line>
            <line>
              <![CDATA[Bosch Original Square Frame Pedestal for Washing Machine (Powder Coated Steel Stand - White)]]>
            </line>
          </reporter-output>
        </test-method> <!-- SearchItem -->
        <test-method status="PASS" signature="tearDown()[pri:0, instance:com.qa.testscript.TC_AmazonSearch_001@3ecd23d9]" name="tearDown" is-config="true" duration-ms="407" started-at="2021-08-16T15:12:49 IST" finished-at="2021-08-16T15:12:49 IST">
          <reporter-output>
          </reporter-output>
        </test-method> <!-- tearDown -->
      </class> <!-- com.qa.testscript.TC_AmazonSearch_001 -->
    </test> <!-- Amazon Functional Testing -->
  </suite> <!-- Test Automation Suite -->
</testng-results>
